slidingmenu_demo/proguard/seeds.txt
com.online.market.AboutActivity
com.online.market.AboutActivity: AboutActivity()
com.online.market.BaseActivity
com.online.market.BaseActivity: BaseActivity()
com.online.market.BaseActivity: void setContentView(android.view.View)
com.online.market.CheckoutActivity
com.online.market.CheckoutActivity: CheckoutActivity()
com.online.market.CommodityDetailActivity
com.online.market.CommodityDetailActivity: CommodityDetailActivity()
com.online.market.CouponActivity
com.online.market.CouponActivity: CouponActivity()
com.online.market.FeedbackActivity
com.online.market.FeedbackActivity: FeedbackActivity()
com.online.market.InviteCodeActivity
com.online.market.InviteCodeActivity: InviteCodeActivity()
com.online.market.InviteFriendActivity
com.online.market.InviteFriendActivity: InviteFriendActivity()
com.online.market.LoginActivity
com.online.market.LoginActivity: LoginActivity()
com.online.market.MainActivity
com.online.market.MainActivity: MainActivity()
com.online.market.MainActivity: void onClick(android.view.View)
com.online.market.MyDataActivity
com.online.market.MyDataActivity: MyDataActivity()
com.online.market.MyOrderActivity
com.online.market.MyOrderActivity: MyOrderActivity()
com.online.market.MyShopCartActivity
com.online.market.MyShopCartActivity: MyShopCartActivity()
com.online.market.R$anim: int umeng_socialize_fade_in
com.online.market.R$anim: int umeng_socialize_fade_out
com.online.market.R$anim: int umeng_socialize_shareboard_animation_in
com.online.market.R$anim: int umeng_socialize_shareboard_animation_out
com.online.market.R$anim: int umeng_socialize_slide_in_from_bottom
com.online.market.R$anim: int umeng_socialize_slide_out_from_bottom
com.online.market.R$attr: int behindOffset
com.online.market.R$attr: int behindScrollScale
com.online.market.R$attr: int behindWidth
com.online.market.R$attr: int border_color
com.online.market.R$attr: int border_width
com.online.market.R$attr: int fadeDegree
com.online.market.R$attr: int fadeEnabled
com.online.market.R$attr: int mode
com.online.market.R$attr: int selectorDrawable
com.online.market.R$attr: int selectorEnabled
com.online.market.R$attr: int shadowDrawable
com.online.market.R$attr: int shadowWidth
com.online.market.R$attr: int touchModeAbove
com.online.market.R$attr: int touchModeBehind
com.online.market.R$attr: int viewAbove
com.online.market.R$attr: int viewBehind
com.online.market.R$color: int base_bg
com.online.market.R$color: int black
com.online.market.R$color: int ble_blue
com.online.market.R$color: int blue
com.online.market.R$color: int blue_press
com.online.market.R$color: int chat_hint
com.online.market.R$color: int color_ee4136
com.online.market.R$color: int cor_1e82e6
com.online.market.R$color: int cor_1e83e6
com.online.market.R$color: int cor_222222
com.online.market.R$color: int cor_333333
com.online.market.R$color: int cor_404040
com.online.market.R$color: int cor_49a1ec
com.online.market.R$color: int cor_58a0f0
com.online.market.R$color: int cor_82b46e
com.online.market.R$color: int cor_888888
com.online.market.R$color: int cor_94cd56
com.online.market.R$color: int cor_98d07d
com.online.market.R$color: int cor_999999
com.online.market.R$color: int cor_c8c8c8
com.online.market.R$color: int cor_d73c3c
com.online.market.R$color: int cor_d7d7d7
com.online.market.R$color: int cor_dcdcdc
com.online.market.R$color: int cor_dedede
com.online.market.R$color: int cor_e6e6e6
com.online.market.R$color: int cor_ec4949
com.online.market.R$color: int cor_f0aaaa
com.online.market.R$color: int cor_f0f0f0
com.online.market.R$color: int cor_fafafa
com.online.market.R$color: int cor_fda658
com.online.market.R$color: int cor_fff8ec
com.online.market.R$color: int cor_ffffff
com.online.market.R$color: int divider_gray
com.online.market.R$color: int divider_line
com.online.market.R$color: int gray
com.online.market.R$color: int gray_dark
...
com.umeng.socialize.controller.listener.SocializeListeners$FetchFriendsListener
com.umeng.socialize.controller.listener.SocializeListeners$FetchFriendsListener: void onStart()
com.umeng.socialize.controller.listener.SocializeListeners$FetchFriendsListener: void onComplete(int,java.util.List)
com.umeng.socialize.controller.listener.SocializeListeners$FetchUserListener
com.umeng.socialize.controller.listener.SocializeListeners$FetchUserListener: void onStart()
com.umeng.socialize.controller.listener.SocializeListeners$FetchUserListener: void onComplete(int,com.umeng.socialize.bean.SocializeUser)
com.umeng.socialize.controller.listener.SocializeListeners$LoginListener
com.umeng.socialize.controller.listener.SocializeListeners$LoginListener: SocializeListeners$LoginListener()
com.umeng.socialize.controller.listener.SocializeListeners$LoginListener: void loginSuccessed(com.umeng.socialize.bean.SHARE_MEDIA,boolean)
com.umeng.socialize.controller.listener.SocializeListeners$LoginListener: void loginFailed(int)
com.umeng.socialize.controller.listener.SocializeListeners$LoginListener: void dissmiss()
com.umeng.socialize.controller.listener.SocializeListeners$MulStatusListener
com.umeng.socialize.controller.listener.SocializeListeners$MulStatusListener: void onStart()
com.umeng.socialize.controller.listener.SocializeListeners$MulStatusListener: void onComplete(com.umeng.socialize.bean.MultiStatus,int,com.umeng.socialize.bean.SocializeEntity)
com.umeng.socialize.controller.listener.SocializeListeners$OnSnsPlatformClickListener
com.umeng.socialize.controller.listener.SocializeListeners$OnSnsPlatformClickListener: void onClick(android.content.Context,com.umeng.socialize.bean.SocializeEntity,com.umeng.socialize.controller.listener.SocializeListeners$SnsPostListener)
com.umeng.socialize.controller.listener.SocializeListeners$SnsPostListener
com.umeng.socialize.controller.listener.SocializeListeners$SnsPostListener: void onStart()
com.umeng.socialize.controller.listener.SocializeListeners$SnsPostListener: void onComplete(com.umeng.socialize.bean.SHARE_MEDIA,int,com.umeng.socialize.bean.SocializeEntity)
com.umeng.socialize.controller.listener.SocializeListeners$SocializeClientListener
com.umeng.socialize.controller.listener.SocializeListeners$SocializeClientListener: void onStart()
com.umeng.socialize.controller.listener.SocializeListeners$SocializeClientListener: void onComplete(int,com.umeng.socialize.bean.SocializeEntity)
com.umeng.socialize.controller.listener.SocializeListeners$UMAuthListener
com.umeng.socialize.controller.listener.SocializeListeners$UMAuthListener: void onStart(com.umeng.socialize.bean.SHARE_MEDIA)
com.umeng.socialize.controller.listener.SocializeListeners$UMAuthListener: void onComplete(android.os.Bundle,com.umeng.socialize.bean.SHARE_MEDIA)
com.umeng.socialize.controller.listener.SocializeListeners$UMAuthListener: void onError(com.umeng.socialize.exception.SocializeException,com.umeng.socialize.bean.SHARE_MEDIA)
com.umeng.socialize.controller.listener.SocializeListeners$UMAuthListener: void onCancel(com.umeng.socialize.bean.SHARE_MEDIA)
com.umeng.socialize.controller.listener.SocializeListeners$UMDataListener
com.umeng.socialize.controller.listener.SocializeListeners$UMDataListener: void onStart()
com.umeng.socialize.controller.listener.SocializeListeners$UMDataListener: void onComplete(int,java.util.Map)
com.umeng.socialize.controller.listener.SocializeListeners$UMShareBoardListener
com.umeng.socialize.controller.listener.SocializeListeners$UMShareBoardListener: void onShow()
com.umeng.socialize.controller.listener.SocializeListeners$UMShareBoardListener: void onDismiss()