slidingmenu_demo/proguard/mapping.txt
com.online.market.AboutActivity -> com.online.market.AboutActivity:
    14:20:void onCreate(android.os.Bundle) -> onCreate
    24:31:void initView() -> a
    36:36:void initData() -> b
    40:47:void setListeners() -> c
com.online.market.AboutActivity$1 -> com.online.market.a:
    com.online.market.AboutActivity this$0 -> a
    44:45:void onClick(android.view.View) -> onClick
com.online.market.BaseActivity -> com.online.market.BaseActivity:
    android.view.View mTitleView -> a
    android.widget.Button mBtnTitleLeft -> b
    android.widget.Button mBtnTitleMiddle -> c
    android.widget.Button mBtnTitleRight -> d
    android.widget.ImageView mImgLeft -> e
    android.widget.ImageView mImgRight -> f
    com.lidroid.xutils.BitmapUtils bitmapUtils -> g
    com.online.market.beans.MyUser user -> h
    java.lang.String dir -> i
    com.lidroid.xutils.bitmap.BitmapDisplayConfig config -> j
    com.lidroid.xutils.DbUtils dbUtils -> k
    android.view.LayoutInflater mInflater -> l
    int STYLE_TITLE_C8 -> m
    int STYLE_TITLE_DC -> n
    int screenWidth -> o
    int screenHeight -> p
    android.view.View titleView -> r
    android.view.View titleSplitView -> q
    int titleHeight -> s
    57:57:android.view.View getTitleView() -> d
    63:78:void onCreate(android.os.Bundle) -> onCreate
    82:84:void setContentView(int) -> setContentView
    87:89:void setContentView(int,boolean) -> a
    94:95:void setContentView(android.view.View) -> setContentView
    98:99:void setContentView(android.view.View,boolean) -> a
    103:104:void setContentView(android.view.View,android.view.ViewGroup$LayoutParams) -> setContentView
    107:108:void setContentView(android.view.View,android.view.ViewGroup$LayoutParams,boolean) -> a
    111:129:void setTitleStyle(boolean,android.view.View,android.view.ViewGroup$LayoutParams) -> a
com.online.market.BuildConfig -> com.online.market.b:
    boolean DEBUG -> a
com.online.market.CheckoutActivity -> com.online.market.CheckoutActivity:
    java.lang.String PAYMETHOD -> r
    java.lang.String UNIT -> s
    java.lang.String RECEIVER -> t
    java.lang.String PHONENUM -> u
    java.lang.String ROOMNUM -> v
    int PAYMETHOD_ALIPAY -> w
    int PAYMETHOD_WEIXINPAY -> x
    int PAYMETHOD_CASH -> y
    java.lang.String[] paymethods -> z
    java.lang.String[] units -> A
    int paymethod -> B
    int unit -> C
    android.widget.EditText etReceiver -> D
    android.widget.Spinner spUnit -> E
    android.widget.EditText etPhoneNum -> F
    android.widget.EditText etRoomNumber -> G
    android.widget.Spinner spPayMethod -> H
    android.widget.Button btSubmit -> I
    android.widget.Spinner spCoupon -> J
    java.util.List shopcarts -> K
    java.lang.String receiverStr -> L
    java.lang.String unitStr -> M
    java.lang.String phonenumStr -> N
    java.lang.String roomnumStr -> O
    int discountIndex -> P
    float price -> Q
    java.lang.String detail -> R
    com.online.market.utils.SharedPrefUtil su -> S
    java.util.List coupons -> T
    com.online.market.pay.Payment payment -> U
    com.bmob.pay.tool.PayListener payListener -> V
    81:88:void onCreate(android.os.Bundle) -> onCreate
    92:123:void initView() -> a
    126:131:void getReceiverInfo() -> f
    135:161:void initData() -> b
    165:266:void setListeners() -> c
    270:272:void onPause() -> onPause
    276:277:void payByAlipay(java.lang.String) -> b
com.online.market.CheckoutActivity$1 -> com.online.market.c:
    com.online.market.CheckoutActivity this$0 -> a
    292:293:void unknow() -> b
    297:302:void succeed() -> a
    307:307:void orderId(java.lang.String) -> a
    311:313:void fail(int,java.lang.String) -> a
com.online.market.CheckoutActivity$2 -> com.online.market.d:
    com.online.market.CheckoutActivity this$0 -> a
    169:170:void onClick(android.view.View) -> onClick
com.online.market.CheckoutActivity$3 -> com.online.market.e:
    com.online.market.CheckoutActivity this$0 -> a
    176:221:void onClick(android.view.View) -> onClick
...
com.umeng.update.net.f -> com.umeng.update.net.f:
    java.lang.String a -> a
    java.lang.String b -> b
    java.lang.String c -> c
    java.lang.String d -> d
    java.lang.String e -> e
    37:44:java.lang.String a(int,java.lang.String) -> a
    55:59:int a(com.umeng.update.net.a$a) -> a
    63:69:android.app.PendingIntent a(android.content.Context,java.lang.String) -> a
    73:78:android.app.PendingIntent b(android.content.Context,java.lang.String) -> b
com.umeng.update.net.g -> com.umeng.update.net.g:
    java.lang.String a -> a
    44:45:u.upd.f$a a(u.upd.e) -> a
    65:72:void a(u.upd.e,com.umeng.update.net.g$a) -> a
com.umeng.update.net.g$a -> com.umeng.update.net.g$a:
    void a() -> a
    void a(u.upd.f$a) -> a
com.umeng.update.net.g$b -> com.umeng.update.net.g$b:
    u.upd.e b -> b
    com.umeng.update.net.g$a c -> c
    com.umeng.update.net.g a -> a
    84:87:void onPreExecute() -> onPreExecute
    90:93:void a(u.upd.f$a) -> a
    97:97:u.upd.f$a a(java.lang.Integer[]) -> a
    74:74:void onPostExecute(java.lang.Object) -> onPostExecute
    74:74:java.lang.Object doInBackground(java.lang.Object[]) -> doInBackground
com.umeng.update.net.h -> com.umeng.update.net.h:
com.umeng.update.net.i -> com.umeng.update.net.i:
    com.umeng.update.net.i$a a -> a
com.umeng.update.net.i$a -> com.umeng.update.net.i$a:
    com.umeng.update.net.i$a a -> a
    com.umeng.update.net.i$a b -> b
    com.umeng.update.net.i$a[] c -> c
    15:15:com.umeng.update.net.i$a[] values() -> values
    15:15:com.umeng.update.net.i$a valueOf(java.lang.String) -> valueOf
com.umeng.update.net.j -> com.umeng.update.net.j:
    java.lang.String b -> b
    boolean a -> a
    long c -> c
    long d -> d
    long e -> e
    java.util.Map f -> f
    java.lang.Thread g -> g
    87:92:java.lang.String b(java.lang.String) -> b
    120:167:java.lang.String a(android.content.Context,java.lang.String) -> a
    181:199:java.io.File a(java.lang.String,android.content.Context,boolean[]) -> a
    212:227:boolean a(java.lang.String,int,int,int) -> a
    232:240:boolean a(java.lang.String,int) -> a
    251:276:void a(java.io.File,long,long) -> a
    279:298:long a(java.io.File) -> a
    308:316:void b(java.io.File,long) -> b
    326:340:java.io.File b(android.content.Context,java.lang.String) -> b
    357:358:void a(android.content.Context,android.widget.ImageView,java.lang.String,boolean) -> a
    374:375:void a(android.content.Context,android.widget.ImageView,java.lang.String,boolean,com.umeng.update.net.j$a) -> a
    393:394:void a(android.content.Context,android.widget.ImageView,java.lang.String,boolean,com.umeng.update.net.j$a,android.view.animation.Animation) -> a
    413:434:void a(android.content.Context,android.widget.ImageView,java.lang.String,boolean,com.umeng.update.net.j$a,android.view.animation.Animation,boolean) -> a
    443:446:boolean a(android.widget.ImageView,java.lang.String) -> a
com.umeng.update.net.j$1 -> com.umeng.update.net.j$1:
    java.io.File a -> a
    long b -> b
    258:260:void run() -> run
com.umeng.update.net.j$a -> com.umeng.update.net.j$a:
    void a(com.umeng.update.net.j$b) -> a
    void a(u.upd.f$a) -> a
com.umeng.update.net.j$b -> com.umeng.update.net.j$b:
    com.umeng.update.net.j$b a -> a
    com.umeng.update.net.j$b b -> b
    com.umeng.update.net.j$b[] c -> c
    601:601:com.umeng.update.net.j$b[] values() -> values
    601:601:com.umeng.update.net.j$b valueOf(java.lang.String) -> valueOf